/*C1*/SET SCHEMA SYSTEM_LOBS
INSERT INTO BLOCKS VALUES(0,2147483647,0)
COMMIT
/*C2*/SET SCHEMA PUBLIC
CREATE TABLE USUARIOS (ID INTEGER GENERATED BY DEFAULT AS IDENTITY PRIMARY KEY,NOME VARCHAR(255),DESCRICAO VARCHAR(255)) \u000d\u000a
INSERT INTO USUARIOS VALUES(1,'LUIZ','ESTUDANTE DE SIST INFORMACAO')
COMMIT
INSERT INTO USUARIOS VALUES(2,'JULIANA','ESTUDANTE DE MED VETERINARIA')
COMMIT
INSERT INTO USUARIOS VALUES(3,'ALICE','BOLINHA DA VIDA DOS PAIS')
COMMIT
/*C3*/SET SCHEMA PUBLIC
DISCONNECT
/*C4*/SET SCHEMA PUBLIC
DISCONNECT
/*C5*/SET SCHEMA PUBLIC
DISCONNECT
/*C6*/SET SCHEMA PUBLIC
DISCONNECT
/*C7*/SET SCHEMA PUBLIC
DISCONNECT
