/*C3*/SET SCHEMA PUBLIC
INSERT INTO USUARIOS VALUES(39,'nooty','teste','admin','admin@gmail.com')
COMMIT
INSERT INTO FEED VALUES(48,'img\BoasVindas.jpg','Bons Caminhos!',39)
COMMIT
SET SCHEMA PUBLIC
DISCONNECT
/*C6*/SET SCHEMA PUBLIC
INSERT INTO COMENTARIOS VALUES(2,'nooty','chame na grade',48)
COMMIT
/*C9*/SET SCHEMA PUBLIC
INSERT INTO FEED VALUES(49,'','teste',39)
COMMIT
/*C11*/SET SCHEMA PUBLIC
INSERT INTO COMENTARIOS VALUES(3,'nooty','olhe s\u00f3, os senho n sabe o mal que me faz n\u00e3o viu',49)
COMMIT
/*C9*/SET SCHEMA PUBLIC
DISCONNECT
/*C12*/SET SCHEMA PUBLIC
DISCONNECT
/*C4*/SET SCHEMA PUBLIC
DISCONNECT
/*C7*/SET SCHEMA PUBLIC
DISCONNECT
/*C5*/SET SCHEMA PUBLIC
DISCONNECT
/*C10*/SET SCHEMA PUBLIC
DISCONNECT
/*C8*/SET SCHEMA PUBLIC
DISCONNECT
/*C6*/SET SCHEMA PUBLIC
DISCONNECT
/*C11*/SET SCHEMA PUBLIC
DISCONNECT
